<?xml version="1.0" encoding="UTF-8"?>
<testng-results ignored="0" total="1" passed="1" failed="0" skipped="0">
  <reporter-output>
  </reporter-output>
  <suite started-at="2018-11-04T08:59:47Z" name="Suite" finished-at="2018-11-04T09:01:08Z" duration-ms="80348">
    <groups>
    </groups>
    <test started-at="2018-11-04T08:59:47Z" name="Test" finished-at="2018-11-04T09:01:08Z" duration-ms="80348">
      <class name="TestClasses.SelectCheckBoxTest">
        <test-method is-config="true" signature="beforeSuite()[pri:0, instance:TestClasses.SelectCheckBoxTest@7748410a]" started-at="2018-11-04T08:59:45Z" name="beforeSuite" finished-at="2018-11-04T08:59:47Z" duration-ms="2958" status="PASS">
          <reporter-output>
          </reporter-output>
        </test-method> <!-- beforeSuite -->
        <test-method is-config="true" signature="beforeTest()[pri:0, instance:TestClasses.SelectCheckBoxTest@7748410a]" started-at="2018-11-04T08:59:47Z" name="beforeTest" finished-at="2018-11-04T08:59:47Z" duration-ms="1" status="PASS">
          <reporter-output>
          </reporter-output>
        </test-method> <!-- beforeTest -->
        <test-method is-config="true" signature="beforeClass()[pri:0, instance:TestClasses.SelectCheckBoxTest@7748410a]" started-at="2018-11-04T08:59:47Z" name="beforeClass" finished-at="2018-11-04T09:00:32Z" duration-ms="44972" status="PASS">
          <reporter-output>
          </reporter-output>
        </test-method> <!-- beforeClass -->
        <test-method is-config="true" signature="beforeMethod()[pri:0, instance:TestClasses.SelectCheckBoxTest@7748410a]" started-at="2018-11-04T09:00:32Z" name="beforeMethod" finished-at="2018-11-04T09:00:32Z" duration-ms="1" status="PASS">
          <reporter-output>
          </reporter-output>
        </test-method> <!-- beforeMethod -->
        <test-method signature="testForClickOnMyAccount()[pri:0, instance:TestClasses.SelectCheckBoxTest@7748410a]" started-at="2018-11-04T09:00:32Z" name="testForClickOnMyAccount" finished-at="2018-11-04T09:01:08Z" duration-ms="35312" status="PASS">
          <reporter-output>
          </reporter-output>
        </test-method> <!-- testForClickOnMyAccount -->
        <test-method is-config="true" signature="afterMethod()[pri:0, instance:TestClasses.SelectCheckBoxTest@7748410a]" started-at="2018-11-04T09:01:08Z" name="afterMethod" finished-at="2018-11-04T09:01:08Z" duration-ms="1" status="PASS">
          <reporter-output>
          </reporter-output>
        </test-method> <!-- afterMethod -->
        <test-method is-config="true" signature="afterClass()[pri:0, instance:TestClasses.SelectCheckBoxTest@7748410a]" started-at="2018-11-04T09:01:08Z" name="afterClass" finished-at="2018-11-04T09:01:08Z" duration-ms="0" status="PASS">
          <reporter-output>
          </reporter-output>
        </test-method> <!-- afterClass -->
        <test-method is-config="true" signature="afterTest()[pri:0, instance:TestClasses.SelectCheckBoxTest@7748410a]" started-at="2018-11-04T09:01:08Z" name="afterTest" finished-at="2018-11-04T09:01:08Z" duration-ms="1" status="PASS">
          <reporter-output>
          </reporter-output>
        </test-method> <!-- afterTest -->
        <test-method is-config="true" signature="afterSuite()[pri:0, instance:TestClasses.SelectCheckBoxTest@7748410a]" started-at="2018-11-04T09:01:08Z" name="afterSuite" finished-at="2018-11-04T09:01:08Z" duration-ms="70" status="PASS">
          <reporter-output>
          </reporter-output>
        </test-method> <!-- afterSuite -->
      </class> <!-- TestClasses.SelectCheckBoxTest -->
    </test> <!-- Test -->
  </suite> <!-- Suite -->
</testng-results>
